C51 COMPILER V8.05a   MAIN                                                                 04/09/2008 00:51:07 PAGE 1   


C51 COMPILER V8.05a, COMPILATION OF MODULE MAIN
OBJECT MODULE PLACED IN .\obj\main.obj
COMPILER INVOKED BY: H:\PrgJaz\Keil\C51\BIN\C51.EXE src\main.c51 OMF2 ROM(COMPACT) BROWSE DEBUG PRINT(.\lst\main.lst) OB
                    -JECT(.\obj\main.obj)

line level    source

   1          
   2          #include "target.h"
   3          #include "target.def"
   4          #include "stdio.h"
   5          #include "timers.h"
   6          #include "uart.h"
   7          #include "virtual.h"
   8          
   9          #define uchar unsigned char
  10          #define uint  unsigned int
  11          #define ulong unsigned long
  12          
  13          
  14          bit        nic_flag = 0;
  15          
  16          
  17          // +------------------------------------------------------------------------+
  18          // | Virtualni scitacka                                                     |
  19          // +------------------------------------------------------------------------+
  20          //  ulong ... 10 mist
  21          //
  22          /*
  23          void math_virtual_add(ulong num, char *num_buf, uchar num_buf_size)
  24          {
  25              //  1234567890123
  26              // [.............]
  27          
  28              uchar index;
  29          
  30              index = num_buf_size;
  31          
  32              while(index)
  33              {
  34                  divident = num / (10 << index);       // nastav delitele
  35                  temp_num = (num % 10);                // zkopiruj posledni cislo
  36                  num_buf[index] = temp_num + '0';      // zapis cislo do bufferu jako znak
  37                  index--;                              // posun index
  38              }
  39          }
  40          */
  41          
  42          
  43          
  44          void main()
  45          {
  46   1          if(nic_flag)
  47   1          {
  48   2              uart(0);
  49   2              time_set_hour(0);
  50   2              time_set_minute(0);
  51   2              time_set_second(0);
  52   2              time_set_year(0);
  53   2              time_set_month(0);
  54   2              time_set_day(0);
C51 COMPILER V8.05a   MAIN                                                                 04/09/2008 00:51:07 PAGE 2   

  55   2              time_string();
  56   2          }
  57   1      
  58   1          target_init();
  59   1          timers_init();
  60   1          uart_init(TARGET_XTAL, TARGET_INSTRUCTION_STEP, 19200);
  61   1      
  62   1          printf("Mortage counter\n");
  63   1      
  64   1          virtual_addend(123456789);
  65   1          printf("1: %13s\n", virtual_buf);
  66   1      
  67   1          virtual_addend(123456789);
  68   1          printf("2: %13s\n", virtual_buf);
  69   1      
  70   1          virtual_addend(123456789);
  71   1          printf("3: %13s\n", virtual_buf);
  72   1      
  73   1          virtual_addend(123456789);
  74   1          printf("4: %13s\n", virtual_buf);
  75   1      
  76   1          virtual_addend(123456789);
  77   1          printf("5: %13s\n", virtual_buf);
  78   1      
  79   1          virtual_addend(123456789);
  80   1          printf("6: %13s\n", virtual_buf);
  81   1      
  82   1          virtual_addend(123456789);
  83   1          printf("7: %13s\n", virtual_buf);
  84   1      
  85   1          virtual_addend(123456789);
  86   1          printf("8: %13s\n", virtual_buf);
  87   1      
  88   1          virtual_addend(123456789);
  89   1          printf("9: %13s\n", virtual_buf);
  90   1      
  91   1          while(1)
  92   1          {
  93   2              uart_proc();
  94   2          }
  95   1      }
  96          
  97          


MODULE INFORMATION:   STATIC OVERLAYABLE
   CODE SIZE        =    345    ----
   CONSTANT SIZE    =     98    ----
   XDATA SIZE       =   ----    ----
   PDATA SIZE       =   ----    ----
   DATA SIZE        =   ----    ----
   IDATA SIZE       =   ----    ----
   BIT SIZE         =      1    ----
   EDATA SIZE       =   ----    ----
   HDATA SIZE       =   ----    ----
   XDATA CONST SIZE =   ----    ----
   FAR CONST SIZE   =   ----    ----
END OF MODULE INFORMATION.


C51 COMPILATION COMPLETE.  0 WARNING(S),  0 ERROR(S)
