C51 COMPILER V8.05a   VIRTUAL                                                              04/09/2008 00:51:07 PAGE 1   


C51 COMPILER V8.05a, COMPILATION OF MODULE VIRTUAL
OBJECT MODULE PLACED IN .\obj\virtual.obj
COMPILER INVOKED BY: H:\PrgJaz\Keil\C51\BIN\C51.EXE src\virtual.c51 OMF2 ROM(COMPACT) BROWSE DEBUG PRINT(.\lst\virtual.l
                    -st) OBJECT(.\obj\virtual.obj)

line level    source

   1          
   2          #include "virtual.def"
   3          
   4          #define uchar  unsigned char
   5          #define uint   unsigned int   
   6          #define ulong  unsigned long
   7          
   8          
   9          char  virtual_buf[VIRTUAL_BUF_SIZE];
  10          
  11          
  12          // +------------------------------------+
  13          // | Pripocti cislo k virtualnimu cislu |
  14          // +------------------------------------+
  15          void virtual_addend(ulong addend_num)
  16          {
  17   1          ulong virt;
  18   1          ulong divident;
  19   1          uchar index;
  20   1          uchar char_cache;
  21   1      
  22   1          divident = 1;
  23   1          index = sizeof(virtual_buf);
  24   1          
  25   1          while(index)                                            // dokud neni index na konci
  26   1          {
  27   2              index--;                                            // posun index
  28   2      
  29   2              virt = (uchar) ((addend_num / divident) % 10);      // nacti 1 cislici
  30   2      
  31   2              char_cache = virtual_buf[index];               // nacti znak do cache
  32   2      
  33   2              if(char_cache >= '0')                          // konverze znaku na decimalni cislo
  34   2                  char_cache -= '0';
  35   2      
  36   2              char_cache += (uchar) virt;                    // pripocti cislici
  37   2      
  38   2              if(char_cache > 9)                             // pokud prekrocena hodnota 9
  39   2                  if(index)                                       // pokud neni index na konci bufferu
  40   2                      virtual_buf[index-1]++;                     // prenos do vyssiho radu
  41   2      
  42   2              char_cache %= 10;                              // rotuj znak
  43   2      
  44   2              virtual_buf[index] = char_cache + '0';         // zapis znak z cache zpet do bufferu
  45   2      
  46   2              divident *= 10;                                     // posun delitete
  47   2          } 
  48   1      }
  49          
  50          
  51          
  52          // +------------------------------------+
  53          // | Inicializace                       |
  54          // +------------------------------------+
C51 COMPILER V8.05a   VIRTUAL                                                              04/09/2008 00:51:07 PAGE 2   

  55          void virtual_init()
  56          {
  57   1          uchar      i;
  58   1      
  59   1          for(i=0; i<sizeof(virtual_buf); i++)
  60   1              virtual_buf[i]= '0';
  61   1      }
  62          
  63          


MODULE INFORMATION:   STATIC OVERLAYABLE
   CODE SIZE        =    164    ----
   CONSTANT SIZE    =   ----    ----
   XDATA SIZE       =   ----    ----
   PDATA SIZE       =   ----    ----
   DATA SIZE        =     13      14
   IDATA SIZE       =   ----    ----
   BIT SIZE         =   ----    ----
   EDATA SIZE       =   ----    ----
   HDATA SIZE       =   ----    ----
   XDATA CONST SIZE =   ----    ----
   FAR CONST SIZE   =   ----    ----
END OF MODULE INFORMATION.


C51 COMPILATION COMPLETE.  0 WARNING(S),  0 ERROR(S)
